<?xml version="1.0" encoding="UTF-8"?>
<testng-results ignored="0" total="2" passed="2" failed="0" skipped="0">
  <reporter-output>
  </reporter-output>
  <suite started-at="2022-10-04T15:10:32 IST" name="Suite" finished-at="2022-10-04T15:10:51 IST" duration-ms="19669">
    <groups>
    </groups>
    <test started-at="2022-10-04T15:10:32 IST" name="Test" finished-at="2022-10-04T15:10:51 IST" duration-ms="19669">
      <class name="com.test.RegisterTest">
        <test-method signature="f()[pri:0, instance:com.test.RegisterTest@25084a1e]" started-at="2022-10-04T15:10:39 IST" name="f" finished-at="2022-10-04T15:10:51 IST" duration-ms="11888" status="PASS">
          <reporter-output>
          </reporter-output>
        </test-method> <!-- f -->
        <test-method is-config="true" signature="afterTest()[pri:0, instance:com.test.RegisterTest@25084a1e]" started-at="2022-10-04T15:10:51 IST" name="afterTest" finished-at="2022-10-04T15:10:51 IST" duration-ms="0" status="PASS">
          <reporter-output>
          </reporter-output>
        </test-method> <!-- afterTest -->
      </class> <!-- com.test.RegisterTest -->
      <class name="com.test.LoginTest">
        <test-method is-config="true" signature="beforeMethod()[pri:0, instance:com.test.LoginTest@10163d6]" started-at="2022-10-04T15:10:32 IST" name="beforeMethod" finished-at="2022-10-04T15:10:33 IST" duration-ms="1381" status="PASS">
          <reporter-output>
          </reporter-output>
        </test-method> <!-- beforeMethod -->
        <test-method signature="facebook()[pri:0, instance:com.test.LoginTest@10163d6]" started-at="2022-10-04T15:10:33 IST" name="facebook" finished-at="2022-10-04T15:10:39 IST" duration-ms="6367" status="PASS">
          <reporter-output>
          </reporter-output>
        </test-method> <!-- facebook -->
        <test-method is-config="true" signature="afterMethod()[pri:0, instance:com.test.LoginTest@10163d6]" started-at="2022-10-04T15:10:39 IST" name="afterMethod" finished-at="2022-10-04T15:10:39 IST" duration-ms="0" status="PASS">
          <reporter-output>
          </reporter-output>
        </test-method> <!-- afterMethod -->
      </class> <!-- com.test.LoginTest -->
    </test> <!-- Test -->
  </suite> <!-- Suite -->
</testng-results>
