<?xml version="1.0" encoding="UTF-8"?>
<testng-results ignored="1" total="9" passed="8" failed="0" skipped="0">
  <reporter-output>
  </reporter-output>
  <suite started-at="2022-10-01T18:06:51 IST" name="Suite" finished-at="2022-10-01T18:06:52 IST" duration-ms="226">
    <groups>
      <group name="Smoke">
        <method signature="HomeLoanAppTest.APIHomeLoan()[pri:0, instance:loanapplications.HomeLoanAppTest@2dde1bff]" name="APIHomeLoan" class="loanapplications.HomeLoanAppTest"/>
      </group> <!-- Smoke -->
    </groups>
    <test started-at="2022-10-01T18:06:51 IST" name="HomeLoanTests" finished-at="2022-10-01T18:06:51 IST" duration-ms="93">
      <class name="loanapplications.HomeLoanAppTest">
        <test-method is-config="true" signature="setupTestData()[pri:0, instance:loanapplications.HomeLoanAppTest@2dde1bff]" started-at="2022-10-01T18:06:51 IST" name="setupTestData" finished-at="2022-10-01T18:06:51 IST" duration-ms="0" status="PASS">
          <reporter-output>
          </reporter-output>
        </test-method> <!-- setupTestData -->
        <test-method is-config="true" signature="dosomething()[pri:0, instance:loanapplications.HomeLoanAppTest@2dde1bff]" started-at="2022-10-01T18:06:51 IST" name="dosomething" finished-at="2022-10-01T18:06:51 IST" duration-ms="0" status="PASS">
          <reporter-output>
          </reporter-output>
        </test-method> <!-- dosomething -->
        <test-method signature="APIHomeLoan()[pri:0, instance:loanapplications.HomeLoanAppTest@2dde1bff]" started-at="2022-10-01T18:06:51 IST" name="APIHomeLoan" finished-at="2022-10-01T18:06:51 IST" duration-ms="11" status="PASS">
          <reporter-output>
          </reporter-output>
        </test-method> <!-- APIHomeLoan -->
        <test-method is-config="true" signature="dosomething()[pri:0, instance:loanapplications.HomeLoanAppTest@2dde1bff]" started-at="2022-10-01T18:06:51 IST" name="dosomething" finished-at="2022-10-01T18:06:51 IST" duration-ms="1" status="PASS">
          <reporter-output>
          </reporter-output>
        </test-method> <!-- dosomething -->
        <test-method signature="MobileHomeLoan()[pri:0, instance:loanapplications.HomeLoanAppTest@2dde1bff]" started-at="2022-10-01T18:06:51 IST" name="MobileHomeLoan" finished-at="2022-10-01T18:06:51 IST" duration-ms="3" status="PASS">
          <reporter-output>
          </reporter-output>
        </test-method> <!-- MobileHomeLoan -->
        <test-method is-config="true" signature="dosomething()[pri:0, instance:loanapplications.HomeLoanAppTest@2dde1bff]" started-at="2022-10-01T18:06:51 IST" name="dosomething" finished-at="2022-10-01T18:06:51 IST" duration-ms="0" status="PASS">
          <reporter-output>
          </reporter-output>
        </test-method> <!-- dosomething -->
        <test-method signature="WebHomeLoan()[pri:0, instance:loanapplications.HomeLoanAppTest@2dde1bff]" started-at="2022-10-01T18:06:51 IST" name="WebHomeLoan" finished-at="2022-10-01T18:06:51 IST" duration-ms="2" status="PASS">
          <reporter-output>
          </reporter-output>
        </test-method> <!-- WebHomeLoan -->
        <test-method is-config="true" signature="cleanupTestData()[pri:0, instance:loanapplications.HomeLoanAppTest@2dde1bff]" started-at="2022-10-01T18:06:51 IST" name="cleanupTestData" finished-at="2022-10-01T18:06:51 IST" duration-ms="0" status="PASS">
          <reporter-output>
          </reporter-output>
        </test-method> <!-- cleanupTestData -->
      </class> <!-- loanapplications.HomeLoanAppTest -->
    </test> <!-- HomeLoanTests -->
    <test started-at="2022-10-01T18:06:52 IST" name="PersonalLoanTests" finished-at="2022-10-01T18:06:52 IST" duration-ms="11">
      <class name="loanapplications.PersonalLoanAppTest">
        <test-method signature="PersonalLoanLoginAPI()[pri:0, instance:loanapplications.PersonalLoanAppTest@383bfa16]" started-at="2022-10-01T18:06:52 IST" name="PersonalLoanLoginAPI" finished-at="2022-10-01T18:06:52 IST" duration-ms="2" status="PASS">
          <reporter-output>
          </reporter-output>
        </test-method> <!-- PersonalLoanLoginAPI -->
        <test-method signature="PersonalLoanLoginMobile()[pri:0, instance:loanapplications.PersonalLoanAppTest@383bfa16]" started-at="2022-10-01T18:06:52 IST" name="PersonalLoanLoginMobile" finished-at="2022-10-01T18:06:52 IST" duration-ms="0" status="PASS">
          <reporter-output>
          </reporter-output>
        </test-method> <!-- PersonalLoanLoginMobile -->
        <test-method signature="PersonalLoanLoginWeb(java.lang.String)[pri:0, instance:loanapplications.PersonalLoanAppTest@383bfa16]" started-at="2022-10-01T18:06:52 IST" name="PersonalLoanLoginWeb" finished-at="2022-10-01T18:06:52 IST" duration-ms="1" status="PASS">
          <params>
            <param index="0">
              <value>
                <![CDATA[xyz.com]]>
              </value>
            </param>
          </params>
          <reporter-output>
          </reporter-output>
        </test-method> <!-- PersonalLoanLoginWeb -->
      </class> <!-- loanapplications.PersonalLoanAppTest -->
    </test> <!-- PersonalLoanTests -->
    <test started-at="2022-10-01T18:06:52 IST" name="CarLoanTests" finished-at="2022-10-01T18:06:52 IST" duration-ms="11">
      <class name="loanapplications.CarLoanAppTest">
        <test-method signature="CarLoanLoginWeb()[pri:0, instance:loanapplications.CarLoanAppTest@56cdfb3b]" started-at="2022-10-01T18:06:52 IST" name="CarLoanLoginWeb" finished-at="2022-10-01T18:06:52 IST" duration-ms="4" status="PASS">
          <reporter-output>
          </reporter-output>
        </test-method> <!-- CarLoanLoginWeb -->
        <test-method signature="CarLoanLoginApi()[pri:0, instance:loanapplications.CarLoanAppTest@56cdfb3b]" started-at="2022-10-01T18:06:52 IST" name="CarLoanLoginApi" finished-at="2022-10-01T18:06:52 IST" depends-on-methods="loanapplications.CarLoanAppTest.CarLoanLoginWeb" duration-ms="1" status="PASS">
          <reporter-output>
          </reporter-output>
        </test-method> <!-- CarLoanLoginApi -->
      </class> <!-- loanapplications.CarLoanAppTest -->
      <class name="loanapplications.HomeLoanAppTest">
        <test-method is-config="true" signature="startDatabase()[pri:0, instance:loanapplications.HomeLoanAppTest@2dde1bff]" started-at="2022-10-01T18:06:51 IST" name="startDatabase" finished-at="2022-10-01T18:06:51 IST" duration-ms="16" status="PASS">
          <reporter-output>
          </reporter-output>
        </test-method> <!-- startDatabase -->
      </class> <!-- loanapplications.HomeLoanAppTest -->
    </test> <!-- CarLoanTests -->
  </suite> <!-- Suite -->
</testng-results>
