<?xml version="1.0" encoding="UTF-8"?>
<!-- Generated by org.testng.reporters.JUnitXMLReporter -->
<testsuite ignored="0" hostname="LAPTOP-D23D5UM1" failures="0" tests="3" name="HomeLoanTests" time="0.093" errors="0" timestamp="2022-10-01T18:06:51 IST">
  <testcase classname="loanapplications.HomeLoanAppTest" name="APIHomeLoan" time="0.011"/>
  <testcase classname="loanapplications.HomeLoanAppTest" name="MobileHomeLoan" time="0.003"/>
  <testcase classname="loanapplications.HomeLoanAppTest" name="WebHomeLoan" time="0.002"/>
</testsuite> <!-- HomeLoanTests -->
