<?xml version="1.0" encoding="UTF-8"?>
<!-- Generated by org.testng.reporters.JUnitXMLReporter -->
<testsuite ignored="0" hostname="LAPTOP-D23D5UM1" failures="0" tests="3" name="PersonalLoanTests" time="0.011" errors="0" timestamp="2022-10-01T18:06:52 IST">
  <testcase classname="loanapplications.PersonalLoanAppTest" name="PersonalLoanLoginAPI" time="0.002"/>
  <testcase classname="loanapplications.PersonalLoanAppTest" name="PersonalLoanLoginMobile" time="0.0"/>
  <testcase classname="loanapplications.PersonalLoanAppTest" name="PersonalLoanLoginWeb" time="0.001"/>
</testsuite> <!-- PersonalLoanTests -->
