<?xml version="1.0" encoding="UTF-8"?>
<!-- Generated by org.testng.reporters.JUnitXMLReporter -->
<testsuite ignored="1" hostname="LAPTOP-D23D5UM1" failures="0" tests="2" name="SmokeTests" time="0.046" errors="0" timestamp="2022-10-01T17:38:14 IST">
  <testcase classname="loanapplications.CarLoanAppTest" name="CarLoanLoginWeb" time="0.01"/>
  <testcase classname="loanapplications.CarLoanAppTest" name="CarLoanLoginApi" time="0.0"/>
  <testcase classname="loanapplications.CarLoanAppTest" name="CarLoanLoginMobile" time="0.0">
    <ignored/>
  </testcase> <!-- CarLoanLoginMobile -->
</testsuite> <!-- SmokeTests -->
