<?xml version="1.0" encoding="UTF-8"?>
<!-- Generated by org.testng.reporters.JUnitXMLReporter -->
<testsuite ignored="0" hostname="LAPTOP-D23D5UM1" failures="0" tests="11" name="Test" time="0.059" errors="0" timestamp="2022-09-27T11:59:55 IST">
  <testcase classname="testpkg.sample1" name="demo" time="0.006"/>
  <testcase classname="testpkg.sample2" name="demo2" time="0.001"/>
  <testcase classname="loanapplications.CarLoanAppTest" name="CarLoanLoginApi" time="0.001"/>
  <testcase classname="loanapplications.CarLoanAppTest" name="CarLoanLoginMobile" time="0.001"/>
  <testcase classname="loanapplications.CarLoanAppTest" name="CarLoanLoginWeb" time="0.001"/>
  <testcase classname="loanapplications.HomeLoanAppTest" name="HomeLoanLoginApi" time="0.001"/>
  <testcase classname="loanapplications.HomeLoanAppTest" name="HomeLoanLoginMobile" time="0.0"/>
  <testcase classname="loanapplications.HomeLoanAppTest" name="HomeLoanLoginWeb" time="0.0"/>
  <testcase classname="loanapplications.PersonalLoanAppTest" name="PersonalLoanLoginAPI" time="0.001"/>
  <testcase classname="loanapplications.PersonalLoanAppTest" name="PersonalLoanLoginMobile" time="0.001"/>
  <testcase classname="loanapplications.PersonalLoanAppTest" name="PersonalLoanLoginWeb" time="0.001"/>
</testsuite> <!-- Test -->
